<?xml version="1.0" encoding="UTF-8"?>
<testsuite name="com.du.em0930.Valid1ApplicationTests" tests="1" skipped="0" failures="0" errors="0" timestamp="2025-09-30T07:41:28.430Z" hostname="DESKTOP-2AMRE7T" time="0.64">
  <properties/>
  <testcase name="testFindAll()" classname="com.du.em0930.Valid1ApplicationTests" time="0.64"/>
  <system-out><![CDATA[16:41:25.309 [Test worker] INFO org.springframework.test.context.support.AnnotationConfigContextLoaderUtils -- Could not detect default configuration classes for test class [com.du.em0930.Valid1ApplicationTests]: Valid1ApplicationTests does not declare any static, non-private, non-final, nested classes annotated with @Configuration.
16:41:25.390 [Test worker] INFO org.springframework.boot.test.context.SpringBootTestContextBootstrapper -- Found @SpringBootConfiguration com.du.em0930.Em0930Application for test class com.du.em0930.Valid1ApplicationTests

  .   ____          _            __ _ _
 /\\ / ___'_ __ _ _(_)_ __  __ _ \ \ \ \
( ( )\___ | '_ | '_| | '_ \/ _` | \ \ \ \
 \\/  ___)| |_)| | | | | || (_| |  ) ) ) )
  '  |____| .__|_| |_|_| |_\__, | / / / /
 =========|_|==============|___/=/_/_/_/

 :: Spring Boot ::                (v3.5.6)

2025-09-30T16:41:25.679+09:00  INFO 2036 --- [valid1] [    Test worker] com.du.em0930.Valid1ApplicationTests     : Starting Valid1ApplicationTests using Java 17.0.16 with PID 2036 (started by DU in C:\_dev\intellij\Em0930)
2025-09-30T16:41:25.680+09:00  INFO 2036 --- [valid1] [    Test worker] com.du.em0930.Valid1ApplicationTests     : No active profile set, falling back to 1 default profile: "default"
2025-09-30T16:41:26.127+09:00 DEBUG 2036 --- [valid1] [    Test worker] o.m.s.b.a.MybatisAutoConfiguration       : Searching for mappers annotated with @Mapper
2025-09-30T16:41:26.127+09:00 DEBUG 2036 --- [valid1] [    Test worker] o.m.s.b.a.MybatisAutoConfiguration       : Using auto-configuration base package 'com.du.em0930'
2025-09-30T16:41:26.169+09:00  INFO 2036 --- [valid1] [    Test worker] .s.d.r.c.RepositoryConfigurationDelegate : Bootstrapping Spring Data JPA repositories in DEFAULT mode.
2025-09-30T16:41:26.206+09:00  INFO 2036 --- [valid1] [    Test worker] .s.d.r.c.RepositoryConfigurationDelegate : Finished Spring Data repository scanning in 29 ms. Found 1 JPA repository interface.
2025-09-30T16:41:26.287+09:00  WARN 2036 --- [valid1] [    Test worker] o.m.s.mapper.ClassPathMapperScanner      : No MyBatis mapper was found in '[com.du.em0930]' package. Please check your configuration.
2025-09-30T16:41:26.513+09:00  INFO 2036 --- [valid1] [    Test worker] o.hibernate.jpa.internal.util.LogHelper  : HHH000204: Processing PersistenceUnitInfo [name: default]
2025-09-30T16:41:26.554+09:00  INFO 2036 --- [valid1] [    Test worker] org.hibernate.Version                    : HHH000412: Hibernate ORM core version 6.6.29.Final
2025-09-30T16:41:26.583+09:00  INFO 2036 --- [valid1] [    Test worker] o.h.c.internal.RegionFactoryInitiator    : HHH000026: Second-level cache disabled
2025-09-30T16:41:26.784+09:00  INFO 2036 --- [valid1] [    Test worker] o.s.o.j.p.SpringPersistenceUnitInfo      : No LoadTimeWeaver setup: ignoring JPA class transformer
2025-09-30T16:41:26.803+09:00  INFO 2036 --- [valid1] [    Test worker] com.zaxxer.hikari.HikariDataSource       : HikariPool-1 - Starting...
2025-09-30T16:41:26.905+09:00  INFO 2036 --- [valid1] [    Test worker] com.zaxxer.hikari.pool.HikariPool        : HikariPool-1 - Added connection com.mysql.cj.jdbc.ConnectionImpl@35b3c1f6
2025-09-30T16:41:26.906+09:00  INFO 2036 --- [valid1] [    Test worker] com.zaxxer.hikari.HikariDataSource       : HikariPool-1 - Start completed.
2025-09-30T16:41:26.931+09:00  WARN 2036 --- [valid1] [    Test worker] org.hibernate.orm.deprecation            : HHH90000025: MySQL8Dialect does not need to be specified explicitly using 'hibernate.dialect' (remove the property setting and it will be selected by default)
2025-09-30T16:41:26.932+09:00  WARN 2036 --- [valid1] [    Test worker] org.hibernate.orm.deprecation            : HHH90000026: MySQL8Dialect has been deprecated; use org.hibernate.dialect.MySQLDialect instead
2025-09-30T16:41:26.943+09:00  INFO 2036 --- [valid1] [    Test worker] org.hibernate.orm.connections.pooling    : HHH10001005: Database info:
	Database JDBC URL [Connecting through datasource 'HikariDataSource (HikariPool-1)']
	Database driver: undefined/unknown
	Database version: 8.0
	Autocommit mode: undefined/unknown
	Isolation level: undefined/unknown
	Minimum pool size: undefined/unknown
	Maximum pool size: undefined/unknown
2025-09-30T16:41:27.386+09:00  INFO 2036 --- [valid1] [    Test worker] o.h.e.t.j.p.i.JtaPlatformInitiator       : HHH000489: No JTA platform available (set 'hibernate.transaction.jta.platform' to enable JTA platform integration)
2025-09-30T16:41:27.416+09:00  INFO 2036 --- [valid1] [    Test worker] j.LocalContainerEntityManagerFactoryBean : Initialized JPA EntityManagerFactory for persistence unit 'default'
2025-09-30T16:41:27.678+09:00  WARN 2036 --- [valid1] [    Test worker] JpaBaseConfiguration$JpaWebConfiguration : spring.jpa.open-in-view is enabled by default. Therefore, database queries may be performed during view rendering. Explicitly configure spring.jpa.open-in-view to disable this warning
2025-09-30T16:41:28.124+09:00 DEBUG 2036 --- [valid1] [    Test worker] o.m.s.b.a.MybatisAutoConfiguration       : Not found configuration for registering mapper bean using @MapperScan, MapperFactoryBean and MapperScannerConfigurer.
2025-09-30T16:41:28.253+09:00 DEBUG 2036 --- [valid1] [    Test worker] o.mybatis.spring.SqlSessionFactoryBean   : Property 'mapperLocations' was not specified.
2025-09-30T16:41:28.403+09:00  INFO 2036 --- [valid1] [    Test worker] com.du.em0930.Valid1ApplicationTests     : Started Valid1ApplicationTests in 2.912 seconds (process running for 3.652)
Hibernate: 
    select
        mu1_0.id,
        mu1_0.email,
        mu1_0.name,
        mu1_0.password 
    from
        users mu1_0
MyUser(id=1, name=관리자, email=admin@gmail.com, password=123456)
MyUser(id=3, name=강아지, email=dog@gmail.com, password=123456)
Hibernate: 
    update
        users 
    set
        email=?,
        name=?,
        password=? 
    where
        id=?
Hibernate: 
    update
        users 
    set
        email=?,
        name=?,
        password=? 
    where
        id=?
]]></system-out>
  <system-err><![CDATA[]]></system-err>
</testsuite>
